C:\FingerTrackingProject\Project\Debug\Project.pdb
C:\FingerTrackingProject\Project\Project\Debug\cl.command.1.tlog
C:\FingerTrackingProject\Project\Project\Debug\CL.read.1.tlog
C:\FingerTrackingProject\Project\Project\Debug\CL.write.1.tlog
C:\FINGERTRACKINGPROJECT\PROJECT\PROJECT\DEBUG\DTRACKNET.OBJ
C:\FINGERTRACKINGPROJECT\PROJECT\PROJECT\DEBUG\DTRACKPARSE.OBJ
C:\FINGERTRACKINGPROJECT\PROJECT\PROJECT\DEBUG\DTRACKSDK.OBJ
C:\FINGERTRACKINGPROJECT\PROJECT\PROJECT\DEBUG\EXAMPLE_FINGERTRACKING.OBJ
C:\FINGERTRACKINGPROJECT\PROJECT\PROJECT\DEBUG\FINGERS.OBJ
C:\FingerTrackingProject\Project\Project\Debug\link.3932.read.1.tlog
C:\FingerTrackingProject\Project\Project\Debug\link.3932.write.1.tlog
C:\FingerTrackingProject\Project\Project\Debug\link.3932-cvtres.read.1.tlog
C:\FingerTrackingProject\Project\Project\Debug\link.3932-cvtres.write.1.tlog
C:\FingerTrackingProject\Project\Project\Debug\link.5360.read.1.tlog
C:\FingerTrackingProject\Project\Project\Debug\link.5360.write.1.tlog
C:\FingerTrackingProject\Project\Project\Debug\link.5360-cvtres.read.1.tlog
C:\FingerTrackingProject\Project\Project\Debug\link.5360-cvtres.write.1.tlog
C:\FingerTrackingProject\Project\Project\Debug\link.5396.read.1.tlog
C:\FingerTrackingProject\Project\Project\Debug\link.5396.write.1.tlog
C:\FingerTrackingProject\Project\Project\Debug\link.5396-cvtres.read.1.tlog
C:\FingerTrackingProject\Project\Project\Debug\link.5396-cvtres.write.1.tlog
C:\FingerTrackingProject\Project\Project\Debug\link.5436.read.1.tlog
C:\FingerTrackingProject\Project\Project\Debug\link.5436.write.1.tlog
C:\FingerTrackingProject\Project\Project\Debug\link.5436-cvtres.read.1.tlog
C:\FingerTrackingProject\Project\Project\Debug\link.5436-cvtres.write.1.tlog
C:\FingerTrackingProject\Project\Project\Debug\link.7348.read.1.tlog
C:\FingerTrackingProject\Project\Project\Debug\link.7348.write.1.tlog
C:\FingerTrackingProject\Project\Project\Debug\link.7348-cvtres.read.1.tlog
C:\FingerTrackingProject\Project\Project\Debug\link.7348-cvtres.write.1.tlog
C:\FingerTrackingProject\Project\Project\Debug\link.command.1.tlog
C:\FingerTrackingProject\Project\Project\Debug\link.read.1.tlog
C:\FingerTrackingProject\Project\Project\Debug\link.write.1.tlog
C:\FingerTrackingProject\Project\Project\Debug\link-cvtres.read.1.tlog
C:\FingerTrackingProject\Project\Project\Debug\link-cvtres.write.1.tlog
C:\FingerTrackingProject\Project\Project\Debug\mt.command.1.tlog
C:\FingerTrackingProject\Project\Project\Debug\mt.read.1.tlog
C:\FingerTrackingProject\Project\Project\Debug\mt.write.1.tlog
C:\FINGERTRACKINGPROJECT\PROJECT\PROJECT\DEBUG\PROJECT.EXE.EMBED.MANIFEST
C:\FINGERTRACKINGPROJECT\PROJECT\PROJECT\DEBUG\PROJECT.EXE.EMBED.MANIFEST.RES
C:\FingerTrackingProject\Project\Project\Debug\Project.exe.intermediate.manifest
C:\FingerTrackingProject\Project\Project\Debug\Project_manifest.rc
C:\FingerTrackingProject\Project\Project\Debug\rc.command.1.tlog
C:\FingerTrackingProject\Project\Project\Debug\rc.read.1.tlog
C:\FingerTrackingProject\Project\Project\Debug\rc.write.1.tlog
C:\FingerTrackingProject\Project\Project\Debug\vc100.idb
C:\FINGERTRACKINGPROJECT\PROJECT\PROJECT\DEBUG\VC100.PDB
